# stats: dump at 1426237429
stats: users 2557 2559
stats: session 5405 733.3390799805611 1128.7977479739868 7559.48095703125 4.35498046875 0 0
stats: users_count 7962 7962
stats: finish_users_count 5405 5405
stats: request 14245 264.0196967240425 739.0099548790222 7484.489013671875 0.0068359375 0 0
stats: page 3695 772.4889758779827 1117.8248417055038 7495.668212890625 2.6220703125 0 0
stats: connect 5949 557.7603289254234 1023.3111071136251 7016.787841796875 0.2080078125 0 0
stats: match_stop 1563 1563
stats: nomatch 3711 3711
stats: size_rcv 4273343 4273343
stats: match 1563 1563
stats: size_sent 1872781 1872781
stats: connected 691 691
# stats: dump at 1426237439
stats: users 6151 6153
stats: session 6086 1912.5980259509533 2600.2062993925106 17471.14990234375 4.35498046875 733.3390799805611 5405
stats: users_count 9680 17642
stats: finish_users_count 6086 11491
stats: request 16661 694.324160693149 1782.0157610984807 17385.8359375 0.0068359375 264.0196967240425 14245
stats: page 4430 1978.0001064739702 2585.200599985473 17469.01904296875 2.6220703125 772.4889758779827 3695
stats: connect 7592 1408.2484984965677 2357.2241646114753 15045.779052734375 0.2080078125 557.7603289254234 5949
stats: match_stop 1679 3242
stats: nomatch 4433 8144
stats: size_rcv 4945869 9219212
stats: match 1679 3242
stats: size_sent 2300564 4173345
stats: connected 1483 2174
# stats: dump at 1426237449
stats: users 9266 9271
stats: session 6326 2408.391603685126 3797.254283406546 22363.85498046875 4.35498046875 1357.9122194093147 11491
stats: users_count 9441 27083
stats: finish_users_count 6326 17817
stats: request 17150 890.1198732034658 2582.3409166267365 22358.494873046875 0.0068359375 495.99092154088333 30906
stats: connect 7749 1957.6786985556098 3553.8007929259425 15045.779052734375 0.2080078125 1034.6014915710275 13541
stats: match_stop 1886 5128
stats: page 4458 2469.7808976445053 3875.8470470732286 22343.119873046875 2.6220703125 1429.7707369290872 8125
stats: nomatch 4459 12603
stats: size_rcv 5150170 14369382
stats: match 1886 5128
stats: size_sent 2371519 6544864
stats: connected 1405 3579
# stats: dump at 1426237459
stats: users 13363 13363
stats: session 5815 3016.505810714822 5508.108305685362 35829.952880859375 4.35498046875 1730.8892966349297 17817
stats: users_count 9912 36995
stats: finish_users_count 5815 23632
stats: match_stop 1642 6770
stats: request 15842 1105.1914602192217 3611.300742592225 35756.777099609375 0.0068359375 636.6458141872395 48056
stats: page 4190 3039.7558269782967 5495.40007427871 35827.782958984375 2.6220703125 1798.2333687712023 12583
stats: connect 7713 2440.010523274426 5140.168245348804 31079.75 0.2080078125 1370.5773148177877 21290
stats: nomatch 4188 16791
stats: size_rcv 4688313 19057695
stats: match 1642 6770
stats: size_sent 2277614 8822478
stats: connected 1881 5460
# stats: dump at 1426237469
stats: users 17389 17391
stats: session 5655 3669.2697519479457 6990.258776608182 44291.840087890625 4.35498046875 2047.2340846077873 23632
stats: users_count 9681 46676
stats: finish_users_count 5655 29287
stats: page 4160 3687.515792435868 6979.799524061956 43865.2568359375 2.6220703125 2108.37342122978 16773
stats: connect 7491 3107.348759070784 6839.03510419501 31083.136962890625 0.2080078125 1654.9802502667428 29003
stats: request 15475 1331.078722280777 4555.523078301533 44286.2158203125 0.0068359375 752.8106413248441 63898
stats: match_stop 1501 8271
stats: nomatch 4156 20947
stats: size_rcv 4527553 23585248
stats: match 1501 8271
stats: size_sent 2214742 11037220
stats: connected 1825 7285
# stats: dump at 1426237479
stats: users 20237 20240
stats: session 6717 4027.1076192737983 7726.418761212478 57493.43408203125 4.35498046875 2360.431465657693 29287
stats: users_count 9565 56241
stats: finish_users_count 6717 36004
stats: request 18122 1483.312559519543 5048.505746309029 57489.22607421875 0.0068359375 865.5529914034987 79373
stats: page 4667 4147.04694426124 7743.051027094747 57491.0791015625 2.6220703125 2422.1952463010707 20933
stats: connect 8071 3228.3745623860264 6898.461041725965 31083.136962890625 0.2080078125 1953.1030238583216 36494
stats: match_stop 2064 10335
stats: nomatch 4667 25614
stats: size_rcv 5479951 29065199
stats: match 2064 10335
stats: size_sent 2494790 13532010
stats: connected 1327 8612
# stats: dump at 1426237489
stats: users 23468 23481
stats: session 6469 4471.6495621168515 9730.297754546338 66758.35498046875 4.35498046875 2671.370909159509 36004
stats: users_count 9700 65941
stats: finish_users_count 6469 42473
stats: request 17501 1633.8973584600994 6236.707315802706 66740.34204101563 0.0068359375 980.3797916845281 97495
stats: page 4569 4759.789124483619 10105.31826788791 66752.46313476563 2.6220703125 2736.643796081544 25600
stats: connect 8021 3302.821176869211 8071.023016780579 63165.94189453125 0.2080078125 2184.062669038555 44565
stats: match_stop 1907 12242
stats: nomatch 4568 30182
stats: size_rcv 5238024 34303223
stats: match 1907 12242
stats: size_sent 2447612 15979622
stats: connected 1518 10130
# stats: dump at 1426237499
stats: users 26500 26501
stats: session 6695 5348.803081423012 12284.059346571255 73569.59106445313 4.35498046875 2945.5686961296087 42473
stats: users_count 9727 75668
stats: finish_users_count 6695 49168
stats: connect 8102 4044.766625729466 10958.951479894542 63165.94189453125 0.2080078125 2354.7081258390285 52586
stats: match_stop 2005 14247
stats: request 18135 1944.8736683936224 7820.523239688333 73566.37377929688 0.0068359375 1079.8372592150447 114996
stats: page 4714 5465.993937968596 12363.542288071443 73565.02783203125 2.6220703125 3043.042781976638 30169
stats: nomatch 4713 34895
stats: size_rcv 5454057 39757280
stats: match 2005 14247
stats: size_sent 2511217 18490839
stats: connected 1357 11487
# stats: dump at 1426237509
stats: users 29343 29351
stats: session 6829 5273.049357662425 12451.25963946139 77627.80004882813 4.35498046875 3272.807026131629 49168
stats: users_count 9672 85340
stats: finish_users_count 6829 55997
stats: request 18335 1923.9669992314293 7944.054112680699 77539.71118164063 0.0068359375 1197.6718377914358 133131
stats: page 4692 5352.383040302147 12575.733617404709 77625.62719726563 2.6220703125 3370.4742457081425 34883
stats: connect 8322 4585.129413805497 12223.440355429419 63165.94189453125 0.2080078125 2580.3351685181797 60688
stats: match_stop 2139 16386
stats: nomatch 4693 39588
stats: size_rcv 5567074 45324354
stats: match 2139 16386
stats: size_sent 2565352 21056191
stats: connected 1450 12937
# stats: dump at 1426237519
stats: users 32394 32394
stats: session 6769 4872.875035887123 11559.638559689842 88656.26879882813 4.35498046875 3516.7425027111567 55997
stats: users_count 9820 95160
stats: finish_users_count 6769 62766
stats: page 4718 5027.5877234316185 11830.474966386451 88654.63696289063 2.60498046875 3605.4487514373927 39575
stats: request 18256 1732.5847636029803 7214.99926895863 88569.51391601563 0.0068359375 1285.5900622444633 151466
stats: connect 8348 4446.054843524201 12113.569904796615 63191.673095703125 0.2080078125 2822.095749727875 69010
stats: match_stop 2074 18460
stats: nomatch 4718 44306
stats: size_rcv 5504450 50828804
stats: match 2074 18460
stats: size_sent 2559521 23615712
stats: connected 1501 14438
# stats: dump at 1426237529
stats: users 31158 34266
stats: session 6076 11567.607813078603 17799.468466800605 91992.02514648438 4.35498046875 3662.994631524019 62766
stats: users_count 4840 100000
stats: finish_users_count 6076 68842
stats: request 16500 4169.40559080552 12032.089948997123 91905.61303710938 0.0068359375 1333.6706603283951 169722
stats: page 4385 11386.473151936194 17707.092165330138 91989.59008789063 2.60498046875 3756.9320934975103 44293
stats: connect 8841 13890.856772683492 20047.723844830067 63191.673095703125 0.2080078125 2997.3434360048172 77358
stats: match_stop 1704 20164
stats: nomatch 4382 48688
stats: size_rcv 4882524 55711328
stats: match 1704 20164
stats: size_sent 2511719 26127431
stats: connected 2686 17124
# stats: dump at 1426237539
stats: users 25742 34266
stats: session 5416 35870.41576918538 22200.810344185935 117950.47998046875 4.35498046875 4360.656374226522 68842
stats: users_count 0 100000
stats: finish_users_count 5416 74258
stats: request 13710 13109.08381728736 21524.07594062635 91905.61303710938 0.0068359375 1584.927903580388 186222
stats: page 3414 34893.30450414425 21685.403505260674 91989.59008789063 2.60498046875 4444.214593625979 48678
stats: connect 3845 37793.14027164697 20601.966405798234 63191.673095703125 0.2080078125 4114.636576407562 86199
stats: match_stop 1811 21975
stats: nomatch 3421 52109
stats: size_rcv 4118705 59830033
stats: match 1811 21975
stats: size_sent 1529384 27656815
stats: connected -1544 15580
# stats: dump at 1426237549
stats: users 21766 34266
stats: session 3976 60294.26361182227 28032.688599564008 123191.07104492188 4.35498046875 6658.8176078053575 74258
stats: users_count 0 100000
stats: finish_users_count 3976 78234
stats: request 9720 18059.91722628117 26753.069316141304 120630.4609375 0.0068359375 2375.1774763197322 199932
stats: page 2326 51555.488856544354 19006.86028092923 121991.033203125 2.60498046875 6439.783835630689 52092
stats: connect 2097 39980.6127114721 27030.395963650586 63191.673095703125 0.2080078125 5552.7540157505 90044
stats: match_stop 1675 23650
stats: nomatch 2314 54423
stats: size_rcv 2899125 62729158
stats: match 1675 23650
stats: size_sent 952392 28609207
stats: connected -2483 13097
stats: error_connect_etimedout 9 9
# stats: dump at 1426237559
stats: users 18225 34266
stats: session 3541 82277.43368758676 29999.844333274414 137509.56591796875 4.35498046875 9384.67252142311 78234
stats: users_count 0 100000
stats: finish_users_count 3541 81775
stats: request 7522 18942.894954098196 29164.874090475925 120637.96704101563 0.0068359375 3102.361907518219 209652
stats: page 1623 61486.5738657013 16256.792624146716 132272.43408203125 2.60498046875 8368.173888161933 54418
stats: connect 2462 31074.37043411424 31409.36781501001 63191.673095703125 0.2080078125 6336.2838199085645 92141
stats: match_stop 1954 25604
stats: nomatch 1619 56042
stats: size_rcv 2231813 64960971
stats: match 1954 25604
stats: size_sent 822992 29432199
stats: connected -2382 10715
stats: error_connect_etimedout 621 630
# stats: dump at 1426237569
stats: users 15486 34266
stats: session 2739 104102.00075541846 31247.605745494115 146097.9970703125 4.35498046875 12541.056101849714 81775
stats: users_count 0 100000
stats: finish_users_count 2739 84514
stats: request 5870 14539.40641083335 30658.705607966567 146013.30395507813 0.0068359375 3651.0117899920633 217174
stats: page 1273 48419.8197528752 39571.59349610477 146095.97509765625 2.60498046875 9906.532646277356 56041
stats: connect 1940 9262.862373525086 22082.324198739927 63191.673095703125 0.2080078125 6980.081260203 94603
stats: match_stop 1534 27138
stats: nomatch 1275 57317
stats: size_rcv 1740051 66701022
stats: match 1534 27138
stats: size_sent 640914 30073113
stats: connected -1848 8867
stats: error_connect_etimedout 1240 1870
# stats: dump at 1426237579
stats: users 12283 34266
stats: session 3203 113520.31280748155 29567.528003360483 147470.17700195313 4.35498046875 15508.439344935177 84514
stats: users_count 0 100000
stats: finish_users_count 3203 87717
stats: request 6777 10456.785475466497 27373.14296279486 146085.35815429688 0.0068359375 3937.5690451719306 223044
stats: page 1521 34537.66836489661 42162.41813798813 146261.80200195313 2.60498046875 10761.950423551652 57314
stats: connect 2567 8514.31285741352 21307.47552187099 63191.673095703125 0.2080078125 7025.952999840724 96543
stats: match_stop 1623 28761
stats: nomatch 1527 58844
stats: size_rcv 1973725 68674747
stats: match 1623 28761
stats: size_sent 799373 30872486
stats: connected -1690 7177
stats: error_connect_etimedout 1321 3191
# stats: dump at 1426237589
stats: users 8939 34266
stats: session 3344 123233.19384495496 20363.41404123656 149895.79296875 4.35498046875 19087.35826259693 87717
stats: users_count 0 100000
stats: finish_users_count 3344 91061
stats: page 1337 27851.58286154724 43682.99617891407 147266.82788085938 2.60498046875 11376.599305828964 58835
stats: request 6495 6843.482339442294 23613.835199091507 146085.35815429688 0.0068359375 4129.808787180304 229821
stats: connect 2929 1395.0500950056298 8236.291503992035 63191.673095703125 0.2080078125 7064.502286031718 99110
stats: match_stop 2019 30780
stats: nomatch 1334 60178
stats: size_rcv 1888383 70563130
stats: match 2019 30780
stats: size_sent 809848 31682334
stats: connected -1943 5234
stats: error_connect_etimedout 1960 5151
# stats: dump at 1426237599
stats: users 5761 34266
stats: session 3178 131280.94686622717 10746.34131627047 172396.57104492188 4.35498046875 22911.867923015827 91061
stats: users_count 0 100000
stats: finish_users_count 3178 94239
stats: request 6741 1067.7923499417016 9457.897016058716 146085.35815429688 0.0068359375 4204.392436708654 236316
stats: page 1536 5451.827928860979 23405.617107695176 147266.82788085938 2.60498046875 11742.667460684966 60172
stats: connect 3093 275.6998219581016 468.5273357958608 63191.673095703125 0.2080078125 6901.762299678309 102039
stats: match_stop 1661 32441
stats: nomatch 1527 61705
stats: size_rcv 1915341 72478471
stats: match 1661 32441
stats: size_sent 872223 32554557
stats: connected -1280 3954
stats: error_connect_etimedout 348 5499
# stats: dump at 1426237609
stats: users 4328 34266
stats: session 1433 128318.15923710231 13836.985799663282 179352.30004882813 4.35498046875 26566.37330700256 94239
stats: users_count 0 100000
stats: finish_users_count 1433 95672
stats: request 2245 463.0127781789412 5092.028047110058 146085.35815429688 0.0068359375 4117.401232238525 243057
stats: page 346 12541.222920147675 37404.84044939329 178103.22607421875 2.60498046875 11586.079505786385 61708
stats: connect 1454 256.93398397201685 435.40890036738523 63191.673095703125 0.2080078125 6706.822497871166 105132
stats: match_stop 1137 33578
stats: nomatch 345 62050
stats: size_rcv 640583 73119054
stats: match 1137 33578
stats: size_sent 318105 32872662
stats: connected -1038 2916
stats: error_connect_etimedout 567 6066
# stats: dump at 1426237619
stats: users 3023 34266
stats: session 1305 131682.9742056543 15183.064317552884 179564.80810546875 4.35498046875 28090.43791564284 95672
stats: users_count 0 100000
stats: finish_users_count 1305 96977
stats: request 2311 120.03435220227304 292.9434591085301 146085.35815429688 0.0068359375 4083.9563272668424 245302
stats: page 434 7015.008608488442 28828.0743930637 178132.98999023438 2.60498046875 11591.405183766356 62054
stats: connect 1299 118.68512700574962 361.7652923546908 63191.673095703125 0.2080078125 6618.835915212942 106586
stats: match_stop 872 34450
stats: nomatch 431 62481
stats: size_rcv 669152 73788206
stats: match 872 34450
stats: size_sent 318234 33190896
stats: connected -732 2184
stats: error_connect_etimedout 542 6608
# stats: dump at 1426237629
stats: users 1824 34266
stats: session 1199 134034.36578883248 16761.606190837898 188482.15795898438 4.35498046875 29484.461858005103 96977
stats: users_count 0 100000
stats: finish_users_count 1199 98176
stats: request 2346 6052.263229591261 27017.014518000993 178101.09814453125 0.0068359375 4046.9605972996183 247613
stats: page 471 27137.069841324148 52932.50296591389 178185.7841796875 2.60498046875 11559.620583304337 62488
stats: connect 1110 84.74501161317568 268.16440997776084 63191.673095703125 0.2080078125 6540.570207525302 107885
stats: match_stop 752 35202
stats: nomatch 468 62949
stats: size_rcv 698297 74486503
stats: match 752 35202
stats: size_sent 301057 33491953
stats: connected -677 1507
stats: error_connect_etimedout 165 6773
# stats: dump at 1426237639
stats: users 1459 34266
stats: session 365 132090.15923854907 15772.427609327477 188482.15795898438 4.35498046875 30761.304821795253 98176
stats: users_count 0 100000
stats: finish_users_count 365 98541
stats: request 770 9095.522626445818 33370.78326956914 178101.09814453125 0.0068359375 4065.7814438198725 249959
stats: page 173 34762.83864844879 58540.16299229459 178185.7841796875 2.60498046875 11676.156401861292 62959
stats: connect 324 14.370698905285494 95.55111600622145 63191.673095703125 0.2080078125 6474.824384620926 108995
stats: match_stop 204 35406
stats: nomatch 173 63122
stats: size_rcv 220954 74707457
stats: match 204 35406
stats: size_sent 93386 33585339
stats: connected -213 1294
stats: error_connect_etimedout 161 6934
# stats: dump at 1426237649
stats: users 785 34266
stats: session 674 146440.37029793859 20534.53232440122 188482.15795898438 4.35498046875 31136.631151567784 98541
stats: users_count 0 100000
stats: finish_users_count 674 99215
stats: request 964 182.75754100752073 332.82916100062215 178101.09814453125 0.0068359375 4081.228004491442 250729
stats: page 137 18751.55763857209 51601.870039213456 179044.4609375 2.60498046875 11739.42061064067 63132
stats: connect 666 146.12965480128582 350.8264188844147 63191.673095703125 0.2080078125 6455.676871433174 109319
stats: match_stop 532 35938
stats: nomatch 135 63257
stats: size_rcv 274537 74981994
stats: match 532 35938
stats: size_sent 140148 33725487
stats: connected -507 787
stats: error_connect_etimedout 6 6940
# stats: dump at 1426237659
stats: users 765 34266
stats: session 20 151425.55369873048 15839.756165894627 188482.15795898438 4.35498046875 31919.927227611264 99215
stats: users_count 0 100000
stats: finish_users_count 20 99235
stats: request 40 19.3878662109375 47.800047102092186 178101.09814453125 0.0068359375 4066.29661773536 251693
stats: page 6 54031.51220703125 76901.90503985685 179044.4609375 2.60498046875 11754.604393738657 63269
stats: connect 28 2.7979910714285716 2.423079948077965 63191.673095703125 0.2080078125 6417.470221014691 109985
stats: match_stop 22 35960
stats: nomatch 6 63263
stats: size_rcv 11322 74993316
stats: match 22 35960
stats: size_sent 5794 33731281
stats: connected -22 765
stats: error_connect_etimedout 0 6940
# stats: dump at 1426237669
stats: users 765 34266
stats: session 0 0 0 188482.15795898438 4.35498046875 31944.01260605055 99235
stats: users_count 0 100000
stats: finish_users_count 0 99235
stats: request 0 0 0 178101.09814453125 0.0068359375 4065.653569942417 251733
stats: page 0 0 0 179044.4609375 2.60498046875 11758.613266862003 63275
stats: connect 0 0 0 63191.673095703125 0.2080078125 6415.837588303662 110013
stats: match_stop 0 35960
stats: nomatch 0 63263
stats: size_rcv 0 74993316
stats: match 0 35960
stats: size_sent 0 33731281
stats: connected 0 765
stats: error_connect_etimedout 0 6940
# stats: dump at 1426237679
stats: users 764 34266
stats: session 1 228699.51098632813 0.0 228699.51098632813 4.35498046875 31944.01260605055 99235
stats: users_count 0 100000
stats: finish_users_count 1 99236
stats: request 1 3.55615234375 0.0 178101.09814453125 0.0068359375 4065.653569942417 251733
stats: page 0 0 0 179044.4609375 2.60498046875 11758.613266862003 63275
stats: connect 1 1.476806640625 0.0 63191.673095703125 0.2080078125 6415.837588303662 110013
stats: match_stop 1 35961
stats: nomatch 0 63263
stats: size_rcv 294 74993610
stats: match 1 35961
stats: size_sent 169 33731450
stats: connected -1 764
stats: error_connect_etimedout 0 6940
# stats: dump at 1426237689
stats: users 123 34266
stats: session 641 235491.45133222322 7283.635036305718 262366.1569824219 4.35498046875 31945.995308884 99236
stats: users_count 0 100000
stats: finish_users_count 641 99877
stats: request 657 374.39861846877403 529.7051831112122 178101.09814453125 0.0068359375 4065.6374334752827 251734
stats: page 16 233787.19635009766 7339.921224905913 261265.10815429688 2.60498046875 11758.613266862003 63275
stats: connect 641 121.90074864713338 317.8849466193103 63191.673095703125 0.2080078125 6415.7792833535495 110014
stats: match_stop 625 36586
stats: nomatch 16 63279
stats: size_rcv 187857 75181467
stats: match 625 36586
stats: size_sent 108267 33839717
stats: connected -641 123
stats: error_connect_etimedout 0 6940
# stats: dump at 1426237699
stats: users 123 34266
stats: session 0 0 0 262366.1569824219 4.35498046875 33252.32847178397 99877
stats: users_count 0 100000
stats: finish_users_count 0 99877
stats: request 0 0 0 178101.09814453125 0.0068359375 4056.0287552678215 252391
stats: page 0 0 0 261265.10815429688 2.60498046875 11814.742216149134 63291
stats: connect 0 0 0 63191.673095703125 0.2080078125 6379.320233687951 110655
stats: match_stop 0 36586
stats: nomatch 0 63279
stats: size_rcv 0 75181467
stats: match 0 36586
stats: size_sent 0 33839717
stats: connected 0 123
stats: error_connect_etimedout 0 6940
# stats: dump at 1426237709
stats: users 123 34266
stats: session 0 0 0 262366.1569824219 4.35498046875 33252.32847178397 99877
stats: users_count 0 100000
stats: finish_users_count 0 99877
stats: request 0 0 0 178101.09814453125 0.0068359375 4056.0287552678215 252391
stats: connect 0 0 0 63191.673095703125 0.2080078125 6379.320233687951 110655
stats: page 0 0 0 261265.10815429688 2.60498046875 11814.742216149134 63291
stats: match_stop 0 36586
stats: nomatch 0 63279
stats: size_rcv 0 75181467
stats: match 0 36586
stats: size_sent 0 33839717
stats: connected 0 123
stats: error_connect_etimedout 0 6940
# stats: dump at 1426237719
stats: users 123 34266
stats: session 0 0 0 262366.1569824219 4.35498046875 33252.32847178397 99877
stats: users_count 0 100000
stats: finish_users_count 0 99877
stats: request 0 0 0 178101.09814453125 0.0068359375 4056.0287552678215 252391
stats: page 0 0 0 261265.10815429688 2.60498046875 11814.742216149134 63291
stats: connect 0 0 0 63191.673095703125 0.2080078125 6379.320233687951 110655
stats: match_stop 0 36586
stats: nomatch 0 63279
stats: size_rcv 0 75181467
stats: match 0 36586
stats: size_sent 0 33839717
stats: connected 0 123
stats: error_connect_etimedout 0 6940
# stats: dump at 1426237729
stats: users 123 34266
stats: session 0 0 0 262366.1569824219 4.35498046875 33252.32847178397 99877
stats: users_count 0 100000
stats: finish_users_count 0 99877
stats: request 0 0 0 178101.09814453125 0.0068359375 4056.0287552678215 252391
stats: page 0 0 0 261265.10815429688 2.60498046875 11814.742216149134 63291
stats: connect 0 0 0 63191.673095703125 0.2080078125 6379.320233687951 110655
stats: match_stop 0 36586
stats: nomatch 0 63279
stats: size_rcv 0 75181467
stats: match 0 36586
stats: size_sent 0 33839717
stats: connected 0 123
stats: error_connect_etimedout 0 6940
# stats: dump at 1426237739
stats: users 120 34266
stats: session 3 232820.12337239584 0.5099179692636823 262366.1569824219 4.35498046875 33252.32847178397 99877
stats: users_count 0 100000
stats: finish_users_count 3 99880
stats: connect 3 1.20166015625 0.21386282116571173 63191.673095703125 0.2080078125 6379.320233687951 110655
stats: request 3 3.5000813802083335 0.61879120549303 178101.09814453125 0.0068359375 4056.0287552678215 252391
stats: page 0 0 0 261265.10815429688 2.60498046875 11814.742216149134 63291
stats: match_stop 3 36589
stats: nomatch 0 63279
stats: size_rcv 882 75182349
stats: match 3 36589
stats: size_sent 507 33840224
stats: connected -3 120
stats: error_connect_etimedout 0 6940
# stats: dump at 1426237749
stats: users 0 34266
stats: session 120 247891.44126383463 24344.57968810244 294050.22998046875 4.35498046875 33258.32269870329 99880
stats: users_count 0 100000
stats: finish_users_count 120 100000
stats: page 5 241233.61440429688 13703.049418866745 265664.130859375 2.60498046875 11814.742216149134 63291
stats: request 124 108.61761671496976 215.26191561259117 178101.09814453125 0.0068359375 4055.980586190816 252394
stats: connect 120 10.293117268880208 90.6244487466341 63191.673095703125 0.2080078125 6379.147319341762 110658
stats: match_stop 115 36704
stats: nomatch 4 63283
stats: size_rcv 35224 75217573
stats: match 115 36704
stats: size_sent 20185 33860409
stats: connected -120 0
stats: error_connect_etimedout 0 6940
EndMonitor:{1426,237749,443343}
